Using pre-set license
Built from '2020.3/staging' branch; Version is '2020.3.20f1 (41c4e627c95f) revision 4310246'; Using compiler version '192528614'; Build Type 'Release'
OS: 'Windows 10 Enterprise; OS build 18363.1854; Version 1909; 64bit' Language: 'ko' Physical Memory: 16317 MB
BatchMode: 1, IsHumanControllingUs: 0, StartBugReporterOnCrash: 0, Is64bit: 1, IsPro: 0

COMMAND LINE ARGUMENTS:
C:\Program Files\Unity\Hub\Editor\2020.3.20f1\Editor\Unity.exe
-adb2
-batchMode
-noUpm
-name
AssetImportWorker0
-projectPath
C:/Users/multicampus/Desktop/PJT/unity/prac/UnityWebRTC
-logFile
Logs/AssetImportWorker0.log
-srvPort
64722
Successfully changed project path to: C:/Users/multicampus/Desktop/PJT/unity/prac/UnityWebRTC
C:/Users/multicampus/Desktop/PJT/unity/prac/UnityWebRTC
Using Asset Import Pipeline V2.
Refreshing native plugins compatible for Editor in 34.00 ms, found 3 plugins.
Preloading 1 native plugins for Editor in 2.42 ms.
Initialize engine version: 2020.3.20f1 (41c4e627c95f)
[Subsystems] Discovering subsystems at path C:/Program Files/Unity/Hub/Editor/2020.3.20f1/Editor/Data/Resources/UnitySubsystems
[Subsystems] Discovering subsystems at path C:/Users/multicampus/Desktop/PJT/unity/prac/UnityWebRTC/Assets
GfxDevice: creating device client; threaded=0
Direct3D:
    Version:  Direct3D 11.0 [level 11.1]
    Renderer: NVIDIA GeForce GTX 1060 (ID=0x1c20)
    Vendor:   
    VRAM:     6052 MB
    Driver:   26.21.14.4166
Initialize mono
Mono path[0] = 'C:/Program Files/Unity/Hub/Editor/2020.3.20f1/Editor/Data/Managed'
Mono path[1] = 'C:/Program Files/Unity/Hub/Editor/2020.3.20f1/Editor/Data/MonoBleedingEdge/lib/mono/unityjit'
Mono config path = 'C:/Program Files/Unity/Hub/Editor/2020.3.20f1/Editor/Data/MonoBleedingEdge/etc'
Using monoOptions --debugger-agent=transport=dt_socket,embedding=1,server=y,suspend=n,address=127.0.0.1:56404
Begin MonoManager ReloadAssembly
Registering precompiled unity dll's ...
Register platform support module: C:/Program Files/Unity/Hub/Editor/2020.3.20f1/Editor/Data/PlaybackEngines/WebGLSupport/UnityEditor.WebGL.Extensions.dll
Register platform support module: C:/Program Files/Unity/Hub/Editor/2020.3.20f1/Editor/Data/PlaybackEngines/WindowsStandaloneSupport/UnityEditor.WindowsStandalone.Extensions.dll
Registered in 0.002534 seconds.
Native extension for WindowsStandalone target not found
Native extension for WebGL target not found
Refreshing native plugins compatible for Editor in 29.74 ms, found 3 plugins.
Preloading 1 native plugins for Editor in 0.08 ms.
Mono: successfully reloaded assembly
- Completed reload, in  1.807 seconds
Domain Reload Profiling:
	ReloadAssembly (1807ms)
		BeginReloadAssembly (59ms)
			ExecutionOrderSort (0ms)
			DisableScriptedObjects (0ms)
			BackupInstance (0ms)
			ReleaseScriptingObjects (0ms)
			CreateAndSetChildDomain (1ms)
		EndReloadAssembly (384ms)
			LoadAssemblies (57ms)
			RebuildTransferFunctionScriptingTraits (0ms)
			SetupTypeCache (141ms)
			ReleaseScriptCaches (0ms)
			RebuildScriptCaches (29ms)
			SetupLoadedEditorAssemblies (145ms)
				LogAssemblyErrors (0ms)
				InitializePlatformSupportModulesInManaged (4ms)
				SetLoadedEditorAssemblies (0ms)
				RefreshPlugins (30ms)
				BeforeProcessingInitializeOnLoad (15ms)
				ProcessInitializeOnLoadAttributes (70ms)
				ProcessInitializeOnLoadMethodAttributes (25ms)
				AfterProcessingInitializeOnLoad (0ms)
				EditorAssembliesLoaded (0ms)
			ExecutionOrderSort2 (0ms)
			AwakeInstancesAfterBackupRestoration (0ms)
Platform modules already initialized, skipping
Registering precompiled user dll's ...
Registered in 0.003471 seconds.
Begin MonoManager ReloadAssembly
Native extension for WindowsStandalone target not found
Native extension for WebGL target not found
Refreshing native plugins compatible for Editor in 0.33 ms, found 3 plugins.
Preloading 1 native plugins for Editor in 0.08 ms.
Mono: successfully reloaded assembly
- Completed reload, in  0.954 seconds
Domain Reload Profiling:
	ReloadAssembly (955ms)
		BeginReloadAssembly (144ms)
			ExecutionOrderSort (0ms)
			DisableScriptedObjects (4ms)
			BackupInstance (0ms)
			ReleaseScriptingObjects (0ms)
			CreateAndSetChildDomain (16ms)
		EndReloadAssembly (752ms)
			LoadAssemblies (89ms)
			RebuildTransferFunctionScriptingTraits (0ms)
			SetupTypeCache (260ms)
			ReleaseScriptCaches (0ms)
			RebuildScriptCaches (39ms)
			SetupLoadedEditorAssemblies (280ms)
				LogAssemblyErrors (0ms)
				InitializePlatformSupportModulesInManaged (5ms)
				SetLoadedEditorAssemblies (0ms)
				RefreshPlugins (0ms)
				BeforeProcessingInitializeOnLoad (74ms)
				ProcessInitializeOnLoadAttributes (190ms)
				ProcessInitializeOnLoadMethodAttributes (3ms)
				AfterProcessingInitializeOnLoad (7ms)
				EditorAssembliesLoaded (0ms)
			ExecutionOrderSort2 (0ms)
			AwakeInstancesAfterBackupRestoration (6ms)
Platform modules already initialized, skipping
========================================================================
Worker process is ready to serve import requests
Launched and connected shader compiler UnityShaderCompiler.exe after 0.04 seconds
Refreshing native plugins compatible for Editor in 0.32 ms, found 3 plugins.
Preloading 1 native plugins for Editor in 0.08 ms.
Unloading 1484 Unused Serialized files (Serialized files now loaded: 0)
System memory in use before: 70.2 MB.
System memory in use after: 70.3 MB.

Unloading 22 unused Assets to reduce memory usage. Loaded Objects now: 1914.
Total: 2.970800 ms (FindLiveObjects: 0.122600 ms CreateObjectMapping: 0.039500 ms MarkObjects: 2.741900 ms  DeleteObjects: 0.065300 ms)

AssetImportParameters requested are different than current active one (requested -> active):
  custom:framework-win-MediaFoundation: 216162199b28c13a410421893ffa2e32 -> 
  custom:video-decoder-ogg-theora: a1e56fd34408186e4bbccfd4996cb3dc -> 
  custom:container-muxer-webm: aa71ff27fc2769a1b78a27578f13a17b -> 
  custom:container-demuxer-webm: 4f35f7cbe854078d1ac9338744f61a02 -> 
  custom:container-demuxer-ogg: 62fdf1f143b41e24485cea50d1cbac27 -> 
  custom:video-encoder-webm-vp8: eb34c28f22e8b96e1ab97ce403110664 -> 
  custom:video-decoder-webm-vp8: 9c59270c3fd7afecdb556c50c9e8de78 -> 
  custom:audio-decoder-ogg-vorbis: bf7c407c2cedff20999df2af8eb42d56 -> 
  custom:audio-encoder-webm-vorbis: bf7c407c2cedff20999df2af8eb42d56 -> 
========================================================================
Received Import Request.
  path: Assets/Samples/WebRTC/2.4.0-exp.4/Example/MultiplePeerConnections/MultiplePeerConnections.unity
  artifactKey: Guid(ad11cc7c597c0e94d8cf4db5a3ebde11) Importer(815301076,1909f56bfc062723c751e8b465ee728b)
Start importing Assets/Samples/WebRTC/2.4.0-exp.4/Example/MultiplePeerConnections/MultiplePeerConnections.unity using Guid(ad11cc7c597c0e94d8cf4db5a3ebde11) Importer(815301076,1909f56bfc062723c751e8b465ee728b)  -> (artifact id: 'f86d1fef3a1a213c923dded84cfbd5db') in 0.011286 seconds 
  Import took 0.013270 seconds .

========================================================================
Received Import Request.
  Time since last request: 16.653911 seconds.
  path: Assets/Samples/WebRTC/2.4.0-exp.4/Example/MultiplePeerConnections/MultiplePeerConnectionsSample.cs
  artifactKey: Guid(70a1c63a4a45d2a4fa329f6b71519c12) Importer(815301076,1909f56bfc062723c751e8b465ee728b)
Start importing Assets/Samples/WebRTC/2.4.0-exp.4/Example/MultiplePeerConnections/MultiplePeerConnectionsSample.cs using Guid(70a1c63a4a45d2a4fa329f6b71519c12) Importer(815301076,1909f56bfc062723c751e8b465ee728b)  -> (artifact id: '650a534e2f48e65c5d1f4b62a43a53dd') in 0.068113 seconds 
  Import took 0.072491 seconds .

========================================================================
Received Prepare
Registering precompiled user dll's ...
Registered in 0.004041 seconds.
Begin MonoManager ReloadAssembly
Native extension for WindowsStandalone target not found
Native extension for WebGL target not found
Refreshing native plugins compatible for Editor in 0.36 ms, found 3 plugins.
Preloading 1 native plugins for Editor in 0.13 ms.
Mono: successfully reloaded assembly
- Completed reload, in  1.142 seconds
Domain Reload Profiling:
	ReloadAssembly (1142ms)
		BeginReloadAssembly (130ms)
			ExecutionOrderSort (0ms)
			DisableScriptedObjects (5ms)
			BackupInstance (0ms)
			ReleaseScriptingObjects (0ms)
			CreateAndSetChildDomain (34ms)
		EndReloadAssembly (935ms)
			LoadAssemblies (115ms)
			RebuildTransferFunctionScriptingTraits (0ms)
			SetupTypeCache (331ms)
			ReleaseScriptCaches (1ms)
			RebuildScriptCaches (59ms)
			SetupLoadedEditorAssemblies (312ms)
				LogAssemblyErrors (0ms)
				InitializePlatformSupportModulesInManaged (7ms)
				SetLoadedEditorAssemblies (1ms)
				RefreshPlugins (1ms)
				BeforeProcessingInitializeOnLoad (84ms)
				ProcessInitializeOnLoadAttributes (208ms)
				ProcessInitializeOnLoadMethodAttributes (4ms)
				AfterProcessingInitializeOnLoad (8ms)
				EditorAssembliesLoaded (0ms)
			ExecutionOrderSort2 (0ms)
			AwakeInstancesAfterBackupRestoration (7ms)
Platform modules already initialized, skipping
Refreshing native plugins compatible for Editor in 0.35 ms, found 3 plugins.
Preloading 1 native plugins for Editor in 0.08 ms.
Unloading 1477 Unused Serialized files (Serialized files now loaded: 0)
System memory in use before: 70.0 MB.
System memory in use after: 70.1 MB.

Unloading 17 unused Assets to reduce memory usage. Loaded Objects now: 1916.
Total: 3.067000 ms (FindLiveObjects: 0.150500 ms CreateObjectMapping: 0.042000 ms MarkObjects: 2.854300 ms  DeleteObjects: 0.019300 ms)

AssetImportParameters requested are different than current active one (requested -> active):
  custom:framework-win-MediaFoundation: 216162199b28c13a410421893ffa2e32 -> 
  custom:video-decoder-ogg-theora: a1e56fd34408186e4bbccfd4996cb3dc -> 
  custom:container-muxer-webm: aa71ff27fc2769a1b78a27578f13a17b -> 
  custom:container-demuxer-webm: 4f35f7cbe854078d1ac9338744f61a02 -> 
  custom:container-demuxer-ogg: 62fdf1f143b41e24485cea50d1cbac27 -> 
  custom:video-encoder-webm-vp8: eb34c28f22e8b96e1ab97ce403110664 -> 
  custom:video-decoder-webm-vp8: 9c59270c3fd7afecdb556c50c9e8de78 -> 
  custom:audio-decoder-ogg-vorbis: bf7c407c2cedff20999df2af8eb42d56 -> 
  custom:audio-encoder-webm-vorbis: bf7c407c2cedff20999df2af8eb42d56 -> 
========================================================================
Received Import Request.
  Time since last request: 72.138602 seconds.
  path: Assets/Samples/WebRTC/2.4.0-exp.4/Example/PeerConnection/PeerConnection.unity
  artifactKey: Guid(b6162a25306134a9ea9c9c7556e5f136) Importer(815301076,1909f56bfc062723c751e8b465ee728b)
Start importing Assets/Samples/WebRTC/2.4.0-exp.4/Example/PeerConnection/PeerConnection.unity using Guid(b6162a25306134a9ea9c9c7556e5f136) Importer(815301076,1909f56bfc062723c751e8b465ee728b)  -> (artifact id: '94d09618cb4f0ebfaca6567905f87f0c') in 0.013448 seconds 
  Import took 0.015465 seconds .

========================================================================
Received Import Request.
  Time since last request: 20.212232 seconds.
  path: Assets/Samples/WebRTC/2.4.0-exp.4/Example/PeerConnection/PeerConnectionSample.cs
  artifactKey: Guid(a91bd06c6c95c455fb4493e47a40104f) Importer(815301076,1909f56bfc062723c751e8b465ee728b)
Start importing Assets/Samples/WebRTC/2.4.0-exp.4/Example/PeerConnection/PeerConnectionSample.cs using Guid(a91bd06c6c95c455fb4493e47a40104f) Importer(815301076,1909f56bfc062723c751e8b465ee728b)  -> (artifact id: 'a8a8135d43e2e4bb26085d3f90860c8e') in 0.003362 seconds 
  Import took 0.005406 seconds .

========================================================================
Received Import Request.
  Time since last request: 7.390395 seconds.
  path: Assets/Samples/WebRTC/2.4.0-exp.4/Example/TrickleIce/Line.prefab
  artifactKey: Guid(842583f0d9c0aca4e81bfdbc528d946a) Importer(815301076,1909f56bfc062723c751e8b465ee728b)
Start importing Assets/Samples/WebRTC/2.4.0-exp.4/Example/TrickleIce/Line.prefab using Guid(842583f0d9c0aca4e81bfdbc528d946a) Importer(815301076,1909f56bfc062723c751e8b465ee728b)  -> (artifact id: '95e52b2f748490c06e53606f6cc90f00') in 0.029999 seconds 
  Import took 0.032120 seconds .

========================================================================
Received Import Request.
  Time since last request: 0.000361 seconds.
  path: Assets/Samples/WebRTC/2.4.0-exp.4/Example/TrickleIce/Option.prefab
  artifactKey: Guid(aff25b7926e7dc04b8add03a42fa2626) Importer(815301076,1909f56bfc062723c751e8b465ee728b)
Start importing Assets/Samples/WebRTC/2.4.0-exp.4/Example/TrickleIce/Option.prefab using Guid(aff25b7926e7dc04b8add03a42fa2626) Importer(815301076,1909f56bfc062723c751e8b465ee728b)  -> (artifact id: 'f9c078e52c0cc47e7c0775c97f9fcb40') in 0.012191 seconds 
  Import took 0.014140 seconds .

========================================================================
Received Import Request.
  Time since last request: 8.193522 seconds.
  path: Assets/Samples/WebRTC/2.4.0-exp.4/Example/PerfectNegotiation/PerfectNegotiation.unity
  artifactKey: Guid(230a6bb1d81354b0988a940b657c5674) Importer(815301076,1909f56bfc062723c751e8b465ee728b)
Start importing Assets/Samples/WebRTC/2.4.0-exp.4/Example/PerfectNegotiation/PerfectNegotiation.unity using Guid(230a6bb1d81354b0988a940b657c5674) Importer(815301076,1909f56bfc062723c751e8b465ee728b)  -> (artifact id: 'c9bbe720f740ae479471df96a79d4cb8') in 0.003868 seconds 
  Import took 0.006020 seconds .

========================================================================
Received Import Request.
  Time since last request: 6.842588 seconds.
  path: Assets/Samples/WebRTC/2.4.0-exp.4/Example/Stats/Stats.unity
  artifactKey: Guid(3f6769738bc91f848b8242f87cc02275) Importer(815301076,1909f56bfc062723c751e8b465ee728b)
Start importing Assets/Samples/WebRTC/2.4.0-exp.4/Example/Stats/Stats.unity using Guid(3f6769738bc91f848b8242f87cc02275) Importer(815301076,1909f56bfc062723c751e8b465ee728b)  -> (artifact id: 'a92d7dc415bab17eeb2ccab14ef41a61') in 0.003877 seconds 
  Import took 0.005980 seconds .

========================================================================
Received Import Request.
  Time since last request: 3.541569 seconds.
  path: Assets/Samples/WebRTC/2.4.0-exp.4/Example/VideoReceive/VideoReceive.unity
  artifactKey: Guid(0ff78d93b95d29044b16be8c4cce1c6b) Importer(815301076,1909f56bfc062723c751e8b465ee728b)
Start importing Assets/Samples/WebRTC/2.4.0-exp.4/Example/VideoReceive/VideoReceive.unity using Guid(0ff78d93b95d29044b16be8c4cce1c6b) Importer(815301076,1909f56bfc062723c751e8b465ee728b)  -> (artifact id: '7f6e650a8b62a664e954b485d269669e') in 0.003466 seconds 
  Import took 0.005707 seconds .

========================================================================
Received Import Request.
  Time since last request: 78.605709 seconds.
  path: Assets/Samples/WebRTC/2.4.0-exp.4/Example/MungeSDP/MungeSDP.unity
  artifactKey: Guid(b4115d77431845442867699b94fc0232) Importer(815301076,1909f56bfc062723c751e8b465ee728b)
Start importing Assets/Samples/WebRTC/2.4.0-exp.4/Example/MungeSDP/MungeSDP.unity using Guid(b4115d77431845442867699b94fc0232) Importer(815301076,1909f56bfc062723c751e8b465ee728b)  -> (artifact id: '578b12cc4fcd6bc40d137e3881caf10c') in 0.003697 seconds 
  Import took 0.005799 seconds .

========================================================================
Received Import Request.
  Time since last request: 31.153748 seconds.
  path: Assets/Scenes/SampleScene.unity
  artifactKey: Guid(9fc0d4010bbf28b4594072e72b8655ab) Importer(815301076,1909f56bfc062723c751e8b465ee728b)
Start importing Assets/Scenes/SampleScene.unity using Guid(9fc0d4010bbf28b4594072e72b8655ab) Importer(815301076,1909f56bfc062723c751e8b465ee728b)  -> (artifact id: '8a0df1ef700b3ec7131e976c5abf1ad4') in 0.003701 seconds 
  Import took 0.005848 seconds .

========================================================================
Received Prepare
Registering precompiled user dll's ...
Registered in 0.003368 seconds.
Begin MonoManager ReloadAssembly
Native extension for WindowsStandalone target not found
Native extension for WebGL target not found
Refreshing native plugins compatible for Editor in 0.34 ms, found 3 plugins.
Preloading 1 native plugins for Editor in 0.10 ms.
Mono: successfully reloaded assembly
- Completed reload, in  0.906 seconds
Domain Reload Profiling:
	ReloadAssembly (907ms)
		BeginReloadAssembly (102ms)
			ExecutionOrderSort (0ms)
			DisableScriptedObjects (4ms)
			BackupInstance (0ms)
			ReleaseScriptingObjects (0ms)
			CreateAndSetChildDomain (28ms)
		EndReloadAssembly (743ms)
			LoadAssemblies (89ms)
			RebuildTransferFunctionScriptingTraits (0ms)
			SetupTypeCache (238ms)
			ReleaseScriptCaches (1ms)
			RebuildScriptCaches (33ms)
			SetupLoadedEditorAssemblies (298ms)
				LogAssemblyErrors (0ms)
				InitializePlatformSupportModulesInManaged (6ms)
				SetLoadedEditorAssemblies (0ms)
				RefreshPlugins (1ms)
				BeforeProcessingInitializeOnLoad (73ms)
				ProcessInitializeOnLoadAttributes (208ms)
				ProcessInitializeOnLoadMethodAttributes (3ms)
				AfterProcessingInitializeOnLoad (7ms)
				EditorAssembliesLoaded (0ms)
			ExecutionOrderSort2 (0ms)
			AwakeInstancesAfterBackupRestoration (8ms)
Platform modules already initialized, skipping
Refreshing native plugins compatible for Editor in 0.33 ms, found 3 plugins.
Preloading 1 native plugins for Editor in 0.08 ms.
Unloading 1477 Unused Serialized files (Serialized files now loaded: 0)
System memory in use before: 70.2 MB.
System memory in use after: 70.3 MB.

Unloading 17 unused Assets to reduce memory usage. Loaded Objects now: 1920.
Total: 2.976600 ms (FindLiveObjects: 0.123200 ms CreateObjectMapping: 0.041900 ms MarkObjects: 2.792400 ms  DeleteObjects: 0.018100 ms)

AssetImportParameters requested are different than current active one (requested -> active):
  custom:framework-win-MediaFoundation: 216162199b28c13a410421893ffa2e32 -> 
  custom:video-decoder-ogg-theora: a1e56fd34408186e4bbccfd4996cb3dc -> 
  custom:container-muxer-webm: aa71ff27fc2769a1b78a27578f13a17b -> 
  custom:container-demuxer-webm: 4f35f7cbe854078d1ac9338744f61a02 -> 
  custom:container-demuxer-ogg: 62fdf1f143b41e24485cea50d1cbac27 -> 
  custom:video-encoder-webm-vp8: eb34c28f22e8b96e1ab97ce403110664 -> 
  custom:video-decoder-webm-vp8: 9c59270c3fd7afecdb556c50c9e8de78 -> 
  custom:audio-decoder-ogg-vorbis: bf7c407c2cedff20999df2af8eb42d56 -> 
  custom:audio-encoder-webm-vorbis: bf7c407c2cedff20999df2af8eb42d56 -> 
AssetImportWorkerClient::OnTransportError - code=2 error=End of file
